<?xml version="1.0" encoding="UTF-8"?>
<!-- Generated by org.testng.reporters.JUnitXMLReporter -->
<testsuite ignored="2" hostname="DESKTOP-4J7IFI2" failures="0" tests="3" name="Test_Runner2" time="214.86" errors="0" timestamp="2023-07-26T13:51:48 IST">
  <testcase classname="Vtiger.baseclasses.CreateCompaignwithProductTest" name="createCompaignWithProTest" time="51.654"/>
  <testcase classname="Vtiger.baseclasses.CreateOganisation" name="createOrg" time="24.647"/>
  <testcase classname="Vtiger.baseclasses.CreateOganisation" name="demoTest" time="0.004"/>
  <testcase classname="VTiger.GeneralUtilities.BaseClass" name="@AfterSuite asConfig" time="0.0">
    <ignored/>
  </testcase> <!-- @AfterSuite asConfig -->
  <testcase classname="VTiger.GeneralUtilities.BaseClass" name="@BeforeSuite bsConfig" time="0.0">
    <ignored/>
  </testcase> <!-- @BeforeSuite bsConfig -->
</testsuite> <!-- Test_Runner2 -->
