<?xml version="1.0" encoding="UTF-8"?>
<testng-results ignored="0" total="1" passed="1" failed="0" skipped="0">
  <reporter-output>
  </reporter-output>
  <suite started-at="2023-08-03T19:30:28 IST" name="Default suite" finished-at="2023-08-03T19:30:28 IST" duration-ms="118">
    <groups>
    </groups>
    <test started-at="2023-08-03T19:30:28 IST" name="Default test" finished-at="2023-08-03T19:30:28 IST" duration-ms="118">
      <class name="Sample.DemoClass">
        <test-method signature="sample()[pri:0, instance:Sample.DemoClass@9353778]" started-at="2023-08-03T19:30:28 IST" name="sample" finished-at="2023-08-03T19:30:28 IST" duration-ms="22" status="PASS">
          <reporter-output>
          </reporter-output>
        </test-method> <!-- sample -->
      </class> <!-- Sample.DemoClass -->
    </test> <!-- Default test -->
  </suite> <!-- Default suite -->
</testng-results>
